[2025-02-14 09:09:03] Check overnight builds and CI status
[2025-02-14 12:52:09] Leave feedback on #1423
[2025-02-14 14:28:39] Hotfix: resolve database deadlock in production
[2025-02-14 17:14:14] Checkpoint: caching layer progress
[2025-02-19 09:39:43] Check overnight builds and CI status
[2025-02-19 10:27:30] Review and approve PR: #1423
[2025-02-19 16:12:35] Leave feedback on api-cleanup
[2025-02-20 10:30:00] Review and approve PR: dashboard-v2
[2025-02-20 12:28:39] Review and approve PR: #1423
[2025-02-20 14:34:12] Fix regression in race condition
[2025-02-21 13:24:03] Review and approve PR: #1430
[2025-02-21 14:56:12] Review and approve PR: dashboard-v2
[2025-02-21 17:16:33] Checkpoint: caching layer progress
[2025-02-24 12:29:33] Pair programming session on audit logging
[2025-02-24 14:48:14] Pair programming session on dark mode
[2025-02-24 16:44:48] Fix edge case in data pipeline
[2025-02-24 17:19:33] Push EOD changes for accessibility improvements
[2025-02-26 09:40:34] Check overnight builds and CI status
[2025-02-26 10:19:25] Address code review feedback on data sync
[2025-02-26 11:13:15] Hotfix: resolve memory leak in production
[2025-02-26 13:12:27] Write technical spec for rate limiting
[2025-02-26 15:45:48] Code review: #1430
[2025-02-27 09:14:03] Review emails and update task board
[2025-02-27 13:17:06] Write technical spec for SSO integration
[2025-02-27 16:06:56] Review and approve PR: #1430
[2025-02-28 09:14:40] Morning sync: align on priorities
[2025-02-28 10:37:10] Integrate rate limiting with API
[2025-02-28 14:35:11] Pair programming session on rate limiting
[2025-02-28 17:38:53] End of day: save progress on dark mode
[2025-03-03 09:06:11] Morning sync: align on priorities
[2025-03-03 11:45:10] Debug and fix session handling
[2025-03-03 13:37:03] Mentoring session: review rate limiting
[2025-03-03 15:47:23] Add tests for audit trail
[2025-03-03 16:42:50] Implement feature: payment gateway
[2025-03-04 12:39:32] Code review: #1425
[2025-03-04 13:49:27] Pair programming session on accessibility improvements
[2025-03-04 14:12:36] Pair programming session on SSO integration
[2025-03-04 15:10:51] Pair programming session on API v2
[2025-03-04 16:54:26] Integrate webhook handlers with API
[2025-03-06 09:23:51] Morning sync: align on priorities
[2025-03-06 12:58:15] Mentoring session: review dark mode
[2025-03-06 14:15:57] Integrate metrics collection with API
[2025-03-06 15:24:49] Fix bug: null pointer causing data inconsistency
[2025-03-07 11:31:55] Implement feature: user profile
[2025-03-07 13:22:19] Review and approve PR: api-cleanup
[2025-03-07 16:39:18] Fix bug: data sync causing slow response times
[2025-03-10 09:15:50] Start day: review PR queue and plan tasks
[2025-03-10 10:28:38] Leave feedback on api-cleanup
[2025-03-10 11:08:38] Refactor frontend components for better performance
[2025-03-11 10:18:12] Code review: #1423
[2025-03-11 12:25:41] Document SSO integration architecture decision
[2025-03-11 15:16:20] Optimize security middleware query performance
[2025-03-11 17:02:46] Daily commit: API v2 updates
[2025-03-12 09:02:53] Review emails and update task board
[2025-03-12 11:23:06] Add validation to rate limiting
[2025-03-12 12:42:09] Mentoring session: review SSO integration
[2025-03-12 16:31:50] Address code review feedback on authentication timeout
[2025-03-13 09:58:50] Check overnight builds and CI status
[2025-03-13 13:46:27] Write technical spec for dark mode
[2025-03-13 14:56:02] Mentoring session: review audit logging
[2025-03-14 09:32:00] Check overnight builds and CI status
[2025-03-14 10:29:57] Update dashboard API documentation
[2025-03-14 12:47:44] Estimate tasks for next sprint
[2025-03-14 13:16:02] Mentoring session: review accessibility improvements
[2025-03-14 15:22:10] Mentoring session: review dark mode
[2025-03-17 11:31:24] Refactor webhook handlers for better performance
[2025-03-17 12:21:37] Update sprint backlog
[2025-03-17 15:45:50] Leave feedback on payment-fix
[2025-03-17 17:43:42] Daily commit: mobile optimization updates
[2025-03-18 09:47:14] Daily standup notes and sprint planning
[2025-03-18 11:24:27] Pair programming session on real-time updates
[2025-03-18 12:55:44] Update README with bulk export instructions
[2025-03-18 15:56:23] Add validation to user profile
[2025-03-20 09:04:25] Daily standup notes and sprint planning
[2025-03-20 11:59:08] Fix regression in race condition
[2025-03-20 12:18:41] Pair programming session on SSO integration
[2025-03-21 09:21:18] Check overnight builds and CI status
[2025-03-21 12:32:46] Review and approve PR: #1428
[2025-03-21 14:00:54] Update webhook handlers documentation
[2025-03-24 12:30:02] Update sprint backlog
[2025-03-24 13:06:30] Leave feedback on #1430
[2025-03-24 17:51:22] Wrap up: commit WIP on new onboarding flow
[2025-03-25 12:10:15] Update sprint backlog
[2025-03-25 13:47:17] Pair programming session on real-time updates
[2025-03-25 15:31:03] Pair programming session on audit logging
[2025-03-26 10:31:55] Refactor frontend components for better performance
[2025-03-26 12:11:37] Estimate tasks for next sprint
[2025-03-26 13:55:37] Estimate tasks for next sprint
[2025-03-26 14:35:07] Leave feedback on dashboard-v2
[2025-03-26 17:23:03] Push EOD changes for accessibility improvements
[2025-03-27 10:37:57] Address code review feedback on indexing issue
[2025-03-27 11:44:56] Code review: #1425
[2025-03-27 12:28:15] Pair programming session on new onboarding flow
[2025-03-27 13:02:31] Update README with SSO integration instructions
[2025-03-27 17:43:18] Push EOD changes for new onboarding flow
[2025-03-28 10:45:41] Leave feedback on dashboard-v2
[2025-03-28 12:46:48] Mentoring session: review bulk export
[2025-03-28 13:10:37] Estimate tasks for next sprint
[2025-03-28 14:10:10] Optimize background jobs query performance
[2025-03-31 11:26:12] Update user authentication documentation
[2025-03-31 13:55:31] Write technical spec for rate limiting
[2025-03-31 14:12:24] Debug and fix validation error
[2025-03-31 17:01:46] Checkpoint: caching layer progress
[2025-04-01 14:45:21] Pair programming session on API v2
[2025-04-01 15:13:27] Fix edge case in rate limiting
[2025-04-01 17:47:23] Daily commit: dark mode updates
[2025-04-02 09:35:55] Start day: review PR queue and plan tasks
[2025-04-02 11:48:28] Integrate cache layer with API
[2025-04-02 12:07:06] Pair programming session on mobile optimization
[2025-04-02 17:10:12] Wrap up: commit WIP on rate limiting
[2025-04-03 09:57:39] Review emails and update task board
[2025-04-03 10:17:09] Integrate API endpoints with API
[2025-04-03 12:05:10] Update README with caching layer instructions
[2025-04-04 11:31:03] Pair programming session on caching layer
[2025-04-04 12:45:02] Update README with new onboarding flow instructions
[2025-04-04 13:37:28] Estimate tasks for next sprint
[2025-04-04 16:41:27] Implement feature: API endpoints
[2025-04-04 17:54:56] End of day: save progress on rate limiting
[2025-04-07 10:46:52] Review and approve PR: #1430
[2025-04-07 11:56:14] Implement feature: background jobs
[2025-04-07 13:14:50] Code review: payment-fix
[2025-04-07 16:51:12] Leave feedback on #1425
[2025-04-08 09:38:28] Daily standup notes and sprint planning
[2025-04-08 10:11:04] Integrate search functionality with API
[2025-04-08 12:42:12] Review and approve PR: #1432
[2025-04-08 13:49:21] Update sprint backlog
[2025-04-08 15:02:59] Pair programming session on bulk export
[2025-04-09 09:08:14] Morning sync: align on priorities
[2025-04-09 10:05:16] Code review: #1423
[2025-04-09 14:02:36] Pair programming session on analytics dashboard
[2025-04-09 16:28:52] Fix bug: validation error causing slow response times
[2025-04-10 09:00:28] Morning sync: align on priorities
[2025-04-10 13:02:36] Update README with accessibility improvements instructions
[2025-04-10 15:42:32] Code review: user-auth-refactor
[2025-04-11 09:43:23] Daily standup notes and sprint planning
[2025-04-11 14:56:47] Mentoring session: review mobile optimization
[2025-04-11 16:13:22] Code review: dashboard-v2
[2025-04-14 11:27:32] Leave feedback on #1430
[2025-04-14 12:09:14] Review and approve PR: api-cleanup
[2025-04-14 13:52:03] Update sprint backlog
[2025-04-14 16:15:39] Hotfix: resolve race condition in production
[2025-04-14 17:14:34] Checkpoint: new onboarding flow progress
[2025-04-15 11:25:54] Leave feedback on #1430
[2025-04-15 13:31:15] Update sprint backlog
[2025-04-15 17:13:46] Push EOD changes for rate limiting
[2025-04-16 09:06:07] Review emails and update task board
[2025-04-16 12:15:25] Pair programming session on analytics dashboard
[2025-04-16 13:08:11] Pair programming session on SSO integration
[2025-04-16 14:50:59] Fix regression in race condition
[2025-04-16 17:43:03] Daily commit: rate limiting updates
[2025-04-17 10:21:49] Implement feature: security middleware
[2025-04-17 12:40:38] Update README with dark mode instructions
[2025-04-17 16:52:31] Code review: user-auth-refactor
[2025-04-18 10:10:52] Leave feedback on payment-fix
[2025-04-18 11:23:32] Optimize search functionality query performance
[2025-04-18 14:43:59] Pair programming session on SSO integration
[2025-04-18 16:31:13] Code review: dashboard-v2
[2025-04-22 09:27:45] Morning sync: align on priorities
[2025-04-22 13:24:32] Update sprint backlog
[2025-04-22 14:35:24] Implement feature: notification service
[2025-04-22 15:26:59] Mentoring session: review audit logging
[2025-04-22 16:57:32] Optimize notification service query performance
[2025-04-23 09:17:20] Check overnight builds and CI status
[2025-04-23 10:11:52] Fix regression in session handling
[2025-04-23 15:21:24] Fix regression in race condition
[2025-04-24 10:32:20] Code review: api-cleanup
[2025-04-24 11:36:10] Code review: #1423
[2025-04-24 16:35:20] Pair programming session on SSO integration
[2025-04-25 09:33:30] Daily standup notes and sprint planning
[2025-04-25 11:19:45] Fix bug: data sync causing data inconsistency
[2025-04-25 14:09:52] Optimize reporting module query performance
[2025-04-28 11:33:12] Fix regression in session handling
[2025-04-28 12:09:59] Document SSO integration architecture decision
[2025-04-28 13:59:45] Write technical spec for SSO integration
[2025-04-28 14:19:32] Fix regression in validation error
[2025-04-29 11:10:20] Leave feedback on api-cleanup
[2025-04-29 12:48:07] Update sprint backlog
[2025-04-29 13:54:49] Update README with audit logging instructions
[2025-04-29 15:58:16] Fix bug: token refresh causing missing notifications
[2025-04-29 17:43:33] Wrap up: commit WIP on dark mode
[2025-04-30 09:34:14] Check overnight builds and CI status
[2025-04-30 11:43:36] Review and approve PR: dashboard-v2
[2025-04-30 14:35:16] Update webhook handlers documentation
[2025-04-30 15:52:14] Implement feature: user profile
[2025-04-30 17:11:06] Wrap up: commit WIP on caching layer
[2025-05-01 09:34:44] Check overnight builds and CI status
[2025-05-01 13:16:15] Estimate tasks for next sprint
[2025-05-01 16:37:35] Add validation to config management
[2025-05-02 11:44:00] Fix edge case in error logging
[2025-05-02 12:30:42] Estimate tasks for next sprint
[2025-05-02 15:13:40] Add validation to dashboard API
[2025-05-02 16:48:00] Address code review feedback on data sync
[2025-05-02 17:24:40] Daily commit: dark mode updates
[2025-05-06 11:29:30] Refactor data pipeline for better performance
[2025-05-06 12:34:35] Update sprint backlog
[2025-05-06 13:23:48] Estimate tasks for next sprint
[2025-05-06 15:45:54] Address code review feedback on race condition
[2025-05-06 16:52:25] Fix bug: indexing issue causing slow response times
[2025-05-07 11:04:36] Code review: #1428
[2025-05-07 14:08:19] Pair programming session on rate limiting
[2025-05-07 15:25:20] Add tests for search functionality
[2025-05-07 16:14:24] Hotfix: resolve memory leak in production
[2025-05-07 17:49:31] End of day: save progress on dark mode
[2025-05-08 09:44:32] Review emails and update task board
[2025-05-08 11:08:19] Leave feedback on #1428
[2025-05-08 12:18:05] Leave feedback on dashboard-v2
[2025-05-08 16:08:30] Fix edge case in data pipeline
[2025-05-08 17:05:30] End of day: save progress on dark mode
[2025-05-09 09:53:39] Morning sync: align on priorities
[2025-05-09 11:30:21] Update config management documentation
[2025-05-09 12:22:17] Mentoring session: review new onboarding flow
[2025-05-09 13:13:00] Document bulk export architecture decision
[2025-05-09 17:25:26] End of day: save progress on accessibility improvements
[2025-05-12 09:38:50] Check overnight builds and CI status
[2025-05-12 12:41:25] Leave feedback on #1428
[2025-05-12 13:40:50] Write technical spec for new onboarding flow
[2025-05-12 17:47:26] Daily commit: bulk export updates
[2025-05-14 09:07:26] Start day: review PR queue and plan tasks
[2025-05-14 13:59:04] Pair programming session on accessibility improvements
[2025-05-14 17:59:37] Checkpoint: mobile optimization progress
[2025-05-15 09:27:55] Daily standup notes and sprint planning
[2025-05-15 10:14:17] Pair programming session on dark mode
[2025-05-15 14:44:11] Fix bug: memory leak causing timeout issues
[2025-05-16 10:48:47] Fix regression in token refresh
[2025-05-16 11:09:09] Refactor config management for better performance
[2025-05-16 12:19:30] Pair programming session on audit logging
[2025-05-16 13:46:01] Mentoring session: review bulk export
[2025-05-19 09:43:41] Daily standup notes and sprint planning
[2025-05-19 11:02:15] Hotfix: resolve session handling in production
[2025-05-19 14:24:21] Update rate limiting documentation
[2025-05-20 11:42:44] Code review: user-auth-refactor
[2025-05-20 12:56:04] Estimate tasks for next sprint
[2025-05-20 14:33:06] Add validation to metrics collection
[2025-05-20 15:49:32] Hotfix: resolve session handling in production
[2025-05-20 17:25:59] Wrap up: commit WIP on API v2
[2025-05-21 10:44:30] Integrate rate limiting with API
[2025-05-21 12:11:58] Write technical spec for audit logging
[2025-05-21 15:22:09] Mentoring session: review dark mode
[2025-05-21 17:18:59] Wrap up: commit WIP on new onboarding flow
[2025-05-22 09:36:52] Morning sync: align on priorities
[2025-05-22 13:41:34] Update README with accessibility improvements instructions
[2025-05-22 14:58:45] Debug and fix memory leak
[2025-05-23 10:19:39] Optimize security middleware query performance
[2025-05-23 14:56:58] Refactor search functionality for better performance
[2025-05-23 17:30:42] Checkpoint: analytics dashboard progress
[2025-05-26 09:21:41] Start day: review PR queue and plan tasks
[2025-05-26 14:26:07] Update dashboard API documentation
[2025-05-26 17:36:01] Checkpoint: bulk export progress
[2025-05-27 09:12:01] Review emails and update task board
[2025-05-27 10:47:10] Fix bug: database deadlock causing incorrect totals
[2025-05-27 11:16:21] Fix bug: race condition causing crashes
[2025-05-27 14:40:08] Mentoring session: review dark mode
[2025-05-27 16:11:28] Integrate payment gateway with API
[2025-05-28 09:17:18] Check overnight builds and CI status
[2025-05-28 13:42:01] Update sprint backlog
[2025-05-28 14:25:32] Code review: user-auth-refactor
[2025-05-28 15:51:36] Fix regression in data sync
[2025-05-29 09:16:08] Check overnight builds and CI status
[2025-05-29 12:30:40] Document accessibility improvements architecture decision
[2025-05-29 13:19:17] Code review: #1432
[2025-05-29 14:45:54] Integrate background jobs with API
[2025-05-29 16:45:58] Fix regression in race condition
[2025-05-30 09:31:58] Review emails and update task board
[2025-05-30 16:08:44] Integrate search functionality with API
[2025-05-30 17:57:31] Checkpoint: SSO integration progress
[2025-06-02 09:07:01] Morning sync: align on priorities
[2025-06-02 10:14:53] Leave feedback on #1432
[2025-06-02 13:13:25] Review and approve PR: #1423
[2025-06-02 14:16:30] Review and approve PR: #1428
[2025-06-02 16:28:24] Add validation to notification service
[2025-06-03 10:54:49] Leave feedback on #1428
[2025-06-03 11:10:09] Code review: #1430
[2025-06-03 15:23:08] Address code review feedback on session handling
[2025-06-04 09:33:18] Check overnight builds and CI status
[2025-06-04 10:30:19] Pair programming session on caching layer
[2025-06-04 11:56:52] Mentoring session: review caching layer
[2025-06-04 13:29:01] Leave feedback on user-auth-refactor
[2025-06-05 09:12:18] Review emails and update task board
[2025-06-05 13:36:35] Update README with real-time updates instructions
[2025-06-05 14:06:56] Pair programming session on mobile optimization
[2025-06-06 10:24:31] Debug and fix race condition
[2025-06-06 11:41:28] Leave feedback on #1430
[2025-06-06 13:50:59] Update sprint backlog
[2025-06-06 14:59:43] Optimize user profile query performance
[2025-06-09 11:23:17] Pair programming session on dark mode
[2025-06-09 12:30:22] Code review: #1430
[2025-06-09 14:57:15] Leave feedback on api-cleanup
[2025-06-09 15:04:26] Fix regression in data sync
[2025-06-10 09:40:39] Start day: review PR queue and plan tasks
[2025-06-10 10:18:28] Update cache layer documentation
[2025-06-10 15:51:42] Fix regression in race condition
[2025-06-10 16:42:20] Hotfix: resolve race condition in production
[2025-06-11 09:06:40] Daily standup notes and sprint planning
[2025-06-11 12:39:08] Update README with bulk export instructions
[2025-06-11 13:54:14] Document API v2 architecture decision
[2025-06-13 09:49:24] Review emails and update task board
[2025-06-13 10:32:09] Hotfix: resolve race condition in production
[2025-06-13 11:55:11] Address code review feedback on indexing issue
[2025-06-13 13:56:02] Update sprint backlog
[2025-06-13 17:29:38] Wrap up: commit WIP on bulk export
[2025-06-16 11:35:25] Pair programming session on dark mode
[2025-06-16 13:17:50] Write technical spec for API v2
[2025-06-16 14:38:41] Leave feedback on user-auth-refactor
[2025-06-16 17:30:01] End of day: save progress on rate limiting
[2025-06-18 12:34:58] Write technical spec for audit logging
[2025-06-18 13:46:20] Code review: #1430
[2025-06-18 15:39:06] Fix bug: data sync causing intermittent failures
[2025-06-18 16:16:51] Hotfix: resolve authentication timeout in production
[2025-06-18 17:38:24] End of day: save progress on analytics dashboard
[2025-06-19 09:32:53] Check overnight builds and CI status
[2025-06-19 11:42:51] Optimize cache layer query performance
[2025-06-19 13:12:13] Code review: #1423
[2025-06-19 16:09:00] Code review: dashboard-v2
[2025-06-20 09:53:09] Start day: review PR queue and plan tasks
[2025-06-20 11:04:39] Fix edge case in audit trail
[2025-06-20 15:00:27] Add validation to cache layer
[2025-06-20 16:50:03] Refactor config management for better performance
[2025-06-20 17:30:44] Checkpoint: accessibility improvements progress
[2025-06-23 10:45:52] Optimize security middleware query performance
[2025-06-23 11:23:18] Fix regression in authentication timeout
[2025-06-23 14:57:57] Address code review feedback on token refresh
[2025-06-23 15:25:17] Fix regression in token refresh
[2025-06-23 16:46:38] Refactor cache layer for better performance
[2025-06-24 10:39:59] Implement feature: config management
[2025-06-24 12:04:51] Estimate tasks for next sprint
[2025-06-24 15:25:54] Hotfix: resolve race condition in production
[2025-06-24 17:47:59] Daily commit: audit logging updates
[2025-06-25 09:48:32] Daily standup notes and sprint planning
[2025-06-25 12:11:08] Mentoring session: review rate limiting
[2025-06-25 13:59:30] Code review: #1430
[2025-06-27 09:32:02] Start day: review PR queue and plan tasks
[2025-06-27 12:10:23] Document dark mode architecture decision
[2025-06-27 13:16:42] Write technical spec for bulk export
[2025-06-27 17:23:29] Wrap up: commit WIP on mobile optimization
[2025-06-30 10:09:10] Debug and fix session handling
[2025-06-30 11:22:15] Leave feedback on #1428
[2025-06-30 12:44:30] Document accessibility improvements architecture decision
[2025-06-30 15:50:34] Refactor user profile for better performance
[2025-07-01 11:15:08] Fix bug: database deadlock causing timeout issues
[2025-07-01 13:52:19] Pair programming session on caching layer
[2025-07-01 14:49:12] Review and approve PR: api-cleanup
[2025-07-01 15:44:47] Pair programming session on new onboarding flow
[2025-07-01 17:45:55] Daily commit: API v2 updates
[2025-07-02 11:11:39] Implement feature: reporting module
[2025-07-02 15:54:54] Optimize config management query performance
[2025-07-02 16:03:39] Fix bug: database deadlock causing intermittent failures
[2025-07-03 10:28:48] Update rate limiting documentation
[2025-07-03 11:59:11] Hotfix: resolve indexing issue in production
[2025-07-03 12:15:19] Estimate tasks for next sprint
[2025-07-03 13:28:44] Update README with dark mode instructions
[2025-07-03 15:36:24] Review and approve PR: #1428
[2025-07-04 10:05:11] Fix bug: session handling causing missing notifications
[2025-07-04 11:36:55] Code review: #1432
[2025-07-04 12:10:26] Estimate tasks for next sprint
[2025-07-04 14:26:42] Debug and fix memory leak
[2025-07-04 17:26:20] Wrap up: commit WIP on caching layer
[2025-07-07 09:34:24] Review emails and update task board
[2025-07-07 13:05:06] Write technical spec for real-time updates
[2025-07-07 15:47:04] Hotfix: resolve validation error in production
[2025-07-07 16:02:51] Integrate webhook handlers with API
[2025-07-08 09:51:18] Start day: review PR queue and plan tasks
[2025-07-08 11:40:05] Fix regression in token refresh
[2025-07-08 13:04:22] Review and approve PR: #1428
[2025-07-08 16:01:30] Mentoring session: review accessibility improvements
[2025-07-08 17:28:07] End of day: save progress on SSO integration
[2025-07-09 10:11:06] Debug and fix race condition
[2025-07-09 15:24:06] Update reporting module documentation
[2025-07-09 16:49:11] Hotfix: resolve data sync in production
[2025-07-10 10:16:26] Code review: api-cleanup
[2025-07-10 12:46:10] Document analytics dashboard architecture decision
[2025-07-10 14:47:23] Debug and fix memory leak
[2025-07-10 16:50:53] Leave feedback on payment-fix
[2025-07-10 17:31:05] End of day: save progress on new onboarding flow
[2025-07-14 12:50:10] Document real-time updates architecture decision
[2025-07-14 13:53:11] Estimate tasks for next sprint
[2025-07-14 14:58:03] Refactor metrics collection for better performance
[2025-07-14 15:13:08] Optimize payment gateway query performance
[2025-07-14 16:02:48] Review and approve PR: #1430
[2025-07-15 14:50:25] Debug and fix token refresh
[2025-07-15 15:52:23] Leave feedback on dashboard-v2
[2025-07-15 16:11:21] Optimize error logging query performance
[2025-07-15 17:42:16] Checkpoint: SSO integration progress
[2025-07-16 10:42:26] Optimize background jobs query performance
[2025-07-16 12:55:54] Review and approve PR: api-cleanup
[2025-07-16 13:39:03] Estimate tasks for next sprint
[2025-07-16 15:22:16] Fix regression in authentication timeout
[2025-07-16 16:34:35] Implement feature: background jobs
[2025-07-17 10:04:15] Code review: dashboard-v2
[2025-07-17 12:25:13] Document bulk export architecture decision
[2025-07-17 15:53:13] Address code review feedback on token refresh
[2025-07-17 16:41:53] Fix bug: data sync causing crashes
[2025-07-17 17:02:24] Checkpoint: real-time updates progress
[2025-07-18 13:41:21] Review and approve PR: api-cleanup
[2025-07-18 16:27:38] Implement feature: audit trail
[2025-07-18 17:23:22] Daily commit: accessibility improvements updates
[2025-07-21 09:47:55] Daily standup notes and sprint planning
[2025-07-21 10:12:33] Pair programming session on bulk export
[2025-07-21 12:42:05] Leave feedback on payment-fix
[2025-07-21 14:13:03] Fix bug: session handling causing login errors
[2025-07-21 16:33:33] Hotfix: resolve null pointer in production
[2025-07-23 10:55:12] Optimize rate limiting query performance
[2025-07-23 12:29:34] Write technical spec for API v2
[2025-07-23 13:59:25] Review and approve PR: dashboard-v2
[2025-07-23 16:58:09] Fix bug: memory leak causing data inconsistency
[2025-07-23 17:17:53] Wrap up: commit WIP on SSO integration
[2025-07-24 09:23:22] Check overnight builds and CI status
[2025-07-24 10:02:24] Add tests for data pipeline
[2025-07-24 12:41:54] Pair programming session on dark mode
[2025-07-24 14:24:12] Add validation to payment gateway
[2025-07-24 17:29:18] Wrap up: commit WIP on real-time updates
[2025-07-25 13:23:29] Estimate tasks for next sprint
[2025-07-25 16:27:05] Hotfix: resolve token refresh in production
[2025-07-25 17:23:06] Push EOD changes for SSO integration
[2025-07-28 10:54:35] Debug and fix cache invalidation
[2025-07-28 12:01:46] Leave feedback on #1432
[2025-07-28 14:56:58] Fix bug: null pointer causing crashes
[2025-07-28 15:02:57] Add validation to database migrations
[2025-07-29 10:33:55] Review and approve PR: api-cleanup
[2025-07-29 15:41:14] Debug and fix indexing issue
[2025-07-29 17:00:55] End of day: save progress on analytics dashboard
[2025-07-30 10:16:21] Mentoring session: review real-time updates
[2025-07-30 13:40:46] Update README with API v2 instructions
[2025-07-30 14:20:54] Mentoring session: review audit logging
[2025-07-30 15:04:38] Address code review feedback on race condition
[2025-07-30 16:35:49] Debug and fix authentication timeout
[2025-07-31 12:15:25] Write technical spec for rate limiting
[2025-07-31 15:58:58] Add validation to error logging
[2025-07-31 17:32:28] Push EOD changes for audit logging
[2025-08-01 10:23:14] Address code review feedback on race condition
[2025-08-01 11:04:05] Address code review feedback on indexing issue
[2025-08-01 12:06:19] Mentoring session: review audit logging
[2025-08-01 13:30:22] Update README with real-time updates instructions
[2025-08-01 15:48:02] Fix bug: race condition causing slow response times
[2025-08-05 13:55:03] Code review: #1425
[2025-08-05 14:26:16] Leave feedback on api-cleanup
[2025-08-05 15:04:39] Optimize audit trail query performance
[2025-08-06 10:01:37] Leave feedback on #1423
[2025-08-06 12:16:09] Update sprint backlog
[2025-08-06 13:07:53] Pair programming session on SSO integration
[2025-08-06 15:37:43] Implement feature: notification service
[2025-08-06 17:04:39] Checkpoint: analytics dashboard progress
[2025-08-07 11:45:55] Implement feature: security middleware
[2025-08-07 12:20:37] Leave feedback on #1432
[2025-08-07 14:22:42] Fix edge case in frontend components
[2025-08-07 17:41:32] Push EOD changes for API v2
[2025-08-08 10:42:01] Fix regression in indexing issue
[2025-08-08 13:44:12] Review and approve PR: user-auth-refactor
[2025-08-08 14:28:55] Add validation to dashboard API
[2025-08-11 11:34:29] Mentoring session: review dark mode
[2025-08-11 15:22:24] Mentoring session: review real-time updates
[2025-08-11 16:15:52] Refactor config management for better performance
[2025-08-12 12:30:50] Mentoring session: review bulk export
[2025-08-12 14:09:45] Fix regression in token refresh
[2025-08-12 15:04:04] Fix bug: indexing issue causing missing notifications
[2025-08-12 16:57:32] Mentoring session: review bulk export
[2025-08-13 09:59:33] Morning sync: align on priorities
[2025-08-13 10:13:20] Refactor database migrations for better performance
[2025-08-13 11:21:56] Pair programming session on audit logging
[2025-08-13 14:33:53] Integrate notification service with API
[2025-08-13 17:13:03] Push EOD changes for caching layer
[2025-08-14 10:13:06] Mentoring session: review SSO integration
[2025-08-14 11:26:01] Mentoring session: review accessibility improvements
[2025-08-14 13:10:02] Review and approve PR: payment-fix
[2025-08-14 14:40:22] Mentoring session: review dark mode
[2025-08-15 09:16:09] Morning sync: align on priorities
[2025-08-15 13:07:14] Pair programming session on new onboarding flow
[2025-08-15 16:06:58] Fix edge case in API endpoints
[2025-08-18 11:42:30] Integrate config management with API
[2025-08-18 14:39:06] Debug and fix memory leak
[2025-08-18 15:52:57] Hotfix: resolve cache invalidation in production
[2025-08-19 09:46:30] Review emails and update task board
[2025-08-19 11:48:26] Debug and fix database deadlock
[2025-08-19 14:21:46] Hotfix: resolve token refresh in production
[2025-08-19 16:44:15] Fix edge case in webhook handlers
[2025-08-20 12:50:14] Leave feedback on #1428
[2025-08-20 13:06:10] Pair programming session on bulk export
[2025-08-20 15:47:48] Review and approve PR: #1423
[2025-08-20 16:07:48] Mentoring session: review rate limiting
[2025-08-21 10:28:08] Add validation to background jobs
[2025-08-21 13:03:02] Mentoring session: review new onboarding flow
[2025-08-21 14:37:58] Debug and fix race condition
[2025-08-22 14:25:34] Leave feedback on user-auth-refactor
[2025-08-22 15:28:15] Fix bug: validation error causing timeout issues
[2025-08-22 16:11:54] Pair programming session on bulk export
[2025-08-25 09:57:56] Daily standup notes and sprint planning
[2025-08-25 11:09:22] Update security middleware documentation
[2025-08-25 13:17:27] Estimate tasks for next sprint
[2025-08-25 16:48:17] Code review: #1425
[2025-08-26 11:01:55] Code review: #1425
[2025-08-26 14:56:25] Implement feature: frontend components
[2025-08-26 15:49:21] Fix edge case in data pipeline
[2025-08-26 17:45:59] Checkpoint: dark mode progress
[2025-08-27 11:27:09] Address code review feedback on race condition
[2025-08-27 13:33:16] Leave feedback on api-cleanup
[2025-08-27 15:32:39] Code review: #1425
[2025-08-27 17:57:02] Push EOD changes for accessibility improvements
[2025-08-28 09:18:15] Start day: review PR queue and plan tasks
[2025-08-28 10:56:39] Address code review feedback on null pointer
[2025-08-28 11:31:58] Fix bug: authentication timeout causing missing notifications
[2025-08-28 12:35:08] Code review: #1432
[2025-08-28 13:24:16] Estimate tasks for next sprint
[2025-08-29 12:11:41] Document real-time updates architecture decision
[2025-08-29 14:16:11] Update reporting module documentation
[2025-08-29 17:26:02] Checkpoint: mobile optimization progress
[2025-09-01 10:47:33] Review and approve PR: #1428
[2025-09-01 11:26:57] Fix bug: session handling causing login errors
[2025-09-01 12:23:33] Update README with caching layer instructions
[2025-09-01 16:22:41] Hotfix: resolve race condition in production
[2025-09-01 17:55:16] End of day: save progress on analytics dashboard
[2025-09-02 10:26:25] Debug and fix null pointer
[2025-09-02 13:02:18] Leave feedback on dashboard-v2
[2025-09-02 14:28:07] Add tests for webhook handlers
[2025-09-02 17:43:34] Wrap up: commit WIP on audit logging
[2025-09-03 09:28:29] Daily standup notes and sprint planning
[2025-09-03 11:53:46] Mentoring session: review SSO integration
[2025-09-03 13:57:22] Update sprint backlog
[2025-09-03 15:37:04] Mentoring session: review caching layer
[2025-09-03 17:25:16] Daily commit: mobile optimization updates
[2025-09-04 11:32:48] Leave feedback on user-auth-refactor
[2025-09-04 13:04:58] Estimate tasks for next sprint
[2025-09-04 16:55:48] Hotfix: resolve token refresh in production
[2025-09-04 17:29:17] Checkpoint: audit logging progress
[2025-09-05 12:20:39] Write technical spec for API v2
[2025-09-05 13:21:49] Write technical spec for dark mode
[2025-09-05 15:13:24] Add validation to frontend components
[2025-09-05 16:02:24] Refactor config management for better performance
[2025-09-05 17:02:47] Wrap up: commit WIP on caching layer
[2025-09-08 11:04:35] Fix bug: session handling causing incorrect totals
[2025-09-08 13:32:22] Document new onboarding flow architecture decision
[2025-09-08 17:23:54] Daily commit: new onboarding flow updates
[2025-09-09 10:43:26] Code review: #1428
[2025-09-09 13:25:39] Write technical spec for analytics dashboard
[2025-09-09 16:57:15] Integrate user authentication with API
[2025-09-10 09:21:45] Morning sync: align on priorities
[2025-09-10 10:03:01] Hotfix: resolve race condition in production
[2025-09-10 12:46:26] Mentoring session: review real-time updates
[2025-09-10 15:17:14] Implement feature: reporting module
[2025-09-10 16:13:57] Implement feature: frontend components
[2025-09-11 13:14:05] Update sprint backlog
[2025-09-11 14:52:32] Code review: user-auth-refactor
[2025-09-11 15:52:58] Fix edge case in config management
[2025-09-11 17:34:13] Push EOD changes for mobile optimization
[2025-09-12 09:16:44] Morning sync: align on priorities
[2025-09-12 10:31:56] Debug and fix indexing issue
[2025-09-12 13:46:32] Document analytics dashboard architecture decision
[2025-09-12 15:02:38] Review and approve PR: dashboard-v2
[2025-09-12 17:02:52] Wrap up: commit WIP on analytics dashboard
[2025-09-15 10:23:00] Refactor metrics collection for better performance
[2025-09-15 12:21:27] Leave feedback on payment-fix
[2025-09-15 13:00:38] Estimate tasks for next sprint
[2025-09-15 16:01:16] Mentoring session: review analytics dashboard
[2025-09-15 17:30:31] Wrap up: commit WIP on rate limiting
[2025-09-16 12:37:20] Update README with audit logging instructions
[2025-09-16 14:06:28] Fix bug: cache invalidation causing login errors
[2025-09-16 16:44:12] Add tests for webhook handlers
[2025-09-16 17:12:11] Daily commit: dark mode updates
[2025-09-17 09:35:04] Morning sync: align on priorities
[2025-09-17 10:00:50] Hotfix: resolve data sync in production
[2025-09-17 12:26:05] Write technical spec for caching layer
[2025-09-17 13:11:59] Document audit logging architecture decision
[2025-09-17 17:22:49] Push EOD changes for audit logging
[2025-09-18 09:55:34] Morning sync: align on priorities
[2025-09-18 15:58:16] Address code review feedback on token refresh
[2025-09-18 16:36:46] Implement feature: dashboard API
[2025-09-22 10:09:24] Add tests for error logging
[2025-09-22 12:28:13] Leave feedback on payment-fix
[2025-09-22 13:12:35] Review and approve PR: #1430
[2025-09-22 14:34:53] Code review: #1428
[2025-09-24 09:20:59] Check overnight builds and CI status
[2025-09-24 12:56:14] Pair programming session on mobile optimization
[2025-09-24 15:07:54] Leave feedback on #1423
[2025-09-24 16:04:07] Optimize user profile query performance
[2025-09-25 09:36:47] Check overnight builds and CI status
[2025-09-25 12:31:52] Update README with caching layer instructions
[2025-09-25 15:36:20] Integrate metrics collection with API
[2025-09-25 16:06:34] Review and approve PR: #1423
[2025-09-25 17:46:17] Push EOD changes for SSO integration
[2025-09-26 11:35:00] Review and approve PR: user-auth-refactor
[2025-09-26 13:55:38] Mentoring session: review dark mode
[2025-09-26 14:11:49] Hotfix: resolve authentication timeout in production
[2025-09-29 09:08:49] Morning sync: align on priorities
[2025-09-29 12:04:52] Update sprint backlog
[2025-09-29 14:56:54] Address code review feedback on cache invalidation
[2025-09-29 15:39:17] Fix regression in session handling
[2025-09-29 17:15:49] Checkpoint: analytics dashboard progress
[2025-09-30 10:35:17] Update webhook handlers documentation
[2025-09-30 11:45:01] Address code review feedback on race condition
[2025-09-30 13:38:31] Leave feedback on user-auth-refactor
[2025-09-30 16:03:15] Pair programming session on caching layer
[2025-10-01 10:08:27] Hotfix: resolve token refresh in production
[2025-10-01 11:40:50] Debug and fix validation error
[2025-10-01 14:45:11] Refactor security middleware for better performance
[2025-10-01 15:32:08] Mentoring session: review bulk export
[2025-10-01 16:32:05] Code review: #1425
[2025-10-02 12:48:49] Review and approve PR: #1430
[2025-10-02 14:51:02] Mentoring session: review analytics dashboard
[2025-10-02 15:07:55] Leave feedback on #1432
[2025-10-02 16:21:56] Debug and fix cache invalidation
[2025-10-03 11:56:12] Add validation to security middleware
[2025-10-03 12:39:56] Document real-time updates architecture decision
[2025-10-03 14:12:20] Address code review feedback on indexing issue
[2025-10-03 15:34:28] Code review: #1423
[2025-10-03 16:34:12] Integrate API endpoints with API
[2025-10-06 09:29:52] Check overnight builds and CI status
[2025-10-06 14:12:05] Review and approve PR: user-auth-refactor
[2025-10-06 15:45:19] Integrate payment gateway with API
[2025-10-07 13:52:44] Pair programming session on bulk export
[2025-10-07 14:46:51] Fix regression in data sync
[2025-10-07 15:58:03] Debug and fix data sync
[2025-10-08 12:13:20] Mentoring session: review mobile optimization
[2025-10-08 14:06:20] Code review: #1428
[2025-10-08 16:12:48] Refactor payment gateway for better performance
[2025-10-08 17:29:28] Daily commit: analytics dashboard updates
[2025-10-09 10:14:33] Hotfix: resolve null pointer in production
[2025-10-09 11:52:58] Hotfix: resolve null pointer in production
[2025-10-09 12:53:15] Document SSO integration architecture decision
[2025-10-09 15:35:03] Pair programming session on bulk export
[2025-10-09 17:23:54] Daily commit: real-time updates updates
[2025-10-10 09:41:01] Review emails and update task board
[2025-10-10 10:25:28] Debug and fix race condition
[2025-10-10 12:35:34] Leave feedback on #1432
[2025-10-10 16:51:19] Mentoring session: review bulk export
[2025-10-13 09:33:52] Morning sync: align on priorities
[2025-10-13 10:41:08] Address code review feedback on authentication timeout
[2025-10-13 12:17:25] Mentoring session: review dark mode
[2025-10-13 16:51:42] Add validation to rate limiting
[2025-10-14 09:48:20] Morning sync: align on priorities
[2025-10-14 10:53:16] Code review: #1432
[2025-10-14 11:43:49] Pair programming session on analytics dashboard
[2025-10-14 17:51:33] End of day: save progress on bulk export
[2025-10-15 09:13:04] Daily standup notes and sprint planning
[2025-10-15 10:56:27] Code review: #1430
[2025-10-15 13:50:42] Update sprint backlog
[2025-10-15 14:29:37] Fix bug: null pointer causing incorrect totals
[2025-10-15 15:46:00] Code review: user-auth-refactor
[2025-10-16 10:19:10] Refactor metrics collection for better performance
[2025-10-16 12:42:57] Write technical spec for SSO integration
[2025-10-16 15:43:20] Mentoring session: review real-time updates
[2025-10-16 17:09:10] Daily commit: analytics dashboard updates
[2025-10-17 09:30:30] Morning sync: align on priorities
[2025-10-17 10:04:55] Address code review feedback on race condition
[2025-10-17 11:57:02] Optimize security middleware query performance
[2025-10-17 12:53:43] Write technical spec for audit logging
[2025-10-20 10:19:19] Fix bug: cache invalidation causing slow response times
[2025-10-20 11:05:00] Mentoring session: review accessibility improvements
[2025-10-20 12:25:19] Update README with bulk export instructions
[2025-10-20 13:28:52] Code review: user-auth-refactor
[2025-10-21 09:14:21] Morning sync: align on priorities
[2025-10-21 11:02:49] Fix regression in cache invalidation
[2025-10-21 12:17:44] Mentoring session: review caching layer
[2025-10-21 13:12:46] Update README with mobile optimization instructions
[2025-10-21 15:42:47] Pair programming session on real-time updates
[2025-10-22 09:21:00] Start day: review PR queue and plan tasks
[2025-10-22 10:44:02] Add tests for data pipeline
[2025-10-22 12:08:35] Write technical spec for API v2
[2025-10-22 13:13:08] Estimate tasks for next sprint
[2025-10-23 12:13:33] Review and approve PR: #1423
[2025-10-23 16:27:32] Fix bug: race condition causing crashes
[2025-10-23 17:57:51] End of day: save progress on accessibility improvements
[2025-10-24 14:06:22] Add tests for user profile
[2025-10-24 16:03:15] Add validation to config management
[2025-10-24 17:03:08] Checkpoint: accessibility improvements progress
[2025-10-27 09:33:15] Daily standup notes and sprint planning
[2025-10-27 10:35:16] Review and approve PR: dashboard-v2
[2025-10-27 13:19:33] Pair programming session on bulk export
[2025-10-27 15:04:50] Add validation to reporting module
[2025-10-27 17:44:14] End of day: save progress on accessibility improvements
[2025-10-28 09:02:45] Start day: review PR queue and plan tasks
[2025-10-28 10:38:26] Address code review feedback on database deadlock
[2025-10-28 15:51:36] Integrate frontend components with API
[2025-10-28 17:02:59] Push EOD changes for API v2
[2025-10-29 09:06:49] Daily standup notes and sprint planning
[2025-10-29 10:34:27] Add tests for database migrations
[2025-10-29 15:51:34] Debug and fix race condition
[2025-10-30 11:27:16] Fix bug: database deadlock causing data inconsistency
[2025-10-30 12:55:25] Review and approve PR: api-cleanup
[2025-10-30 17:51:51] Checkpoint: real-time updates progress
[2025-10-31 10:03:53] Fix regression in race condition
[2025-10-31 11:41:18] Review and approve PR: dashboard-v2
[2025-10-31 17:04:17] End of day: save progress on SSO integration
[2025-11-03 11:49:12] Integrate dashboard API with API
[2025-11-03 12:02:22] Write technical spec for new onboarding flow
[2025-11-03 14:27:07] Pair programming session on analytics dashboard
[2025-11-03 15:23:49] Leave feedback on #1432
[2025-11-04 09:17:49] Morning sync: align on priorities
[2025-11-04 11:48:54] Add tests for cache layer
[2025-11-04 15:54:41] Fix regression in race condition
[2025-11-05 09:50:44] Daily standup notes and sprint planning
[2025-11-05 10:43:57] Address code review feedback on race condition
[2025-11-05 13:15:39] Code review: user-auth-refactor
[2025-11-05 17:15:15] Wrap up: commit WIP on API v2
[2025-11-06 10:19:36] Refactor payment gateway for better performance
[2025-11-06 14:32:04] Debug and fix database deadlock
[2025-11-06 15:33:27] Address code review feedback on race condition
[2025-11-07 09:27:24] Start day: review PR queue and plan tasks
[2025-11-07 11:19:48] Hotfix: resolve null pointer in production
[2025-11-07 12:41:12] Code review: #1425
[2025-11-07 15:37:06] Optimize payment gateway query performance
[2025-11-07 16:33:23] Optimize error logging query performance
[2025-11-10 09:41:48] Check overnight builds and CI status
[2025-11-10 12:20:15] Estimate tasks for next sprint
[2025-11-10 15:43:30] Add tests for notification service
[2025-11-11 10:59:26] Address code review feedback on indexing issue
[2025-11-11 11:37:37] Fix bug: race condition causing crashes
[2025-11-11 13:10:23] Pair programming session on rate limiting
[2025-11-11 14:50:44] Fix regression in indexing issue
[2025-11-11 17:53:09] End of day: save progress on audit logging
[2025-11-12 10:06:10] Integrate dashboard API with API
[2025-11-12 12:38:37] Estimate tasks for next sprint
[2025-11-12 14:35:28] Code review: api-cleanup
[2025-11-12 15:24:29] Integrate audit trail with API
[2025-11-13 12:19:07] Pair programming session on real-time updates
[2025-11-13 13:10:32] Update sprint backlog
[2025-11-13 14:09:34] Fix bug: validation error causing intermittent failures
[2025-11-13 15:04:36] Refactor config management for better performance
[2025-11-13 17:40:12] Checkpoint: accessibility improvements progress
[2025-11-14 09:58:06] Review emails and update task board
[2025-11-14 10:56:49] Mentoring session: review API v2
[2025-11-14 11:29:53] Code review: #1423
[2025-11-14 13:06:06] Code review: user-auth-refactor
[2025-11-14 14:23:36] Mentoring session: review SSO integration
[2025-11-17 10:54:30] Mentoring session: review SSO integration
[2025-11-17 12:59:22] Write technical spec for dark mode
[2025-11-17 13:34:18] Update sprint backlog
[2025-11-17 14:24:19] Pair programming session on caching layer
[2025-11-17 15:38:10] Update reporting module documentation
[2025-11-18 11:39:40] Code review: #1423
[2025-11-18 15:18:37] Add validation to user profile
[2025-11-18 17:11:29] Push EOD changes for audit logging
[2025-11-19 13:19:50] Mentoring session: review real-time updates
[2025-11-19 15:33:45] Optimize error logging query performance
[2025-11-19 17:56:16] Wrap up: commit WIP on dark mode
[2025-11-21 10:03:16] Fix regression in data sync
[2025-11-21 13:23:19] Mentoring session: review bulk export
[2025-11-21 15:43:55] Add validation to metrics collection
[2025-11-25 09:03:36] Check overnight builds and CI status
[2025-11-25 11:26:11] Code review: #1425
[2025-11-25 17:14:13] End of day: save progress on rate limiting
[2025-11-26 10:23:11] Hotfix: resolve token refresh in production
[2025-11-26 11:43:25] Mentoring session: review accessibility improvements
[2025-11-26 13:07:38] Document mobile optimization architecture decision
[2025-11-27 09:47:40] Daily standup notes and sprint planning
[2025-11-27 11:16:46] Refactor audit trail for better performance
[2025-11-27 12:00:01] Leave feedback on payment-fix
[2025-11-28 12:41:25] Update sprint backlog
[2025-11-28 13:23:55] Code review: dashboard-v2
[2025-11-28 14:40:51] Code review: user-auth-refactor
[2025-12-01 09:41:21] Check overnight builds and CI status
[2025-12-01 12:24:32] Pair programming session on mobile optimization
[2025-12-01 13:55:30] Update README with analytics dashboard instructions
[2025-12-01 15:13:07] Refactor payment gateway for better performance
[2025-12-01 16:58:20] Debug and fix validation error
[2025-12-02 09:54:42] Review emails and update task board
[2025-12-02 11:28:04] Address code review feedback on data sync
[2025-12-02 12:04:13] Write technical spec for rate limiting
[2025-12-03 09:26:13] Daily standup notes and sprint planning
[2025-12-03 10:08:32] Fix regression in data sync
[2025-12-03 11:14:06] Fix regression in race condition
[2025-12-03 15:15:56] Leave feedback on #1423
[2025-12-03 16:34:18] Review and approve PR: #1430
[2025-12-04 10:45:48] Update cache layer documentation
[2025-12-04 11:13:16] Leave feedback on #1430
[2025-12-04 12:49:18] Leave feedback on #1423
[2025-12-04 13:32:39] Document new onboarding flow architecture decision
[2025-12-05 09:19:06] Check overnight builds and CI status
[2025-12-05 12:04:18] Code review: payment-fix
[2025-12-05 15:29:27] Address code review feedback on race condition
[2025-12-08 09:55:58] Start day: review PR queue and plan tasks
[2025-12-08 11:09:43] Fix regression in token refresh
[2025-12-08 13:57:10] Mentoring session: review caching layer
[2025-12-08 16:08:15] Debug and fix null pointer
[2025-12-08 17:26:55] End of day: save progress on caching layer
[2025-12-09 12:50:45] Code review: user-auth-refactor
[2025-12-09 13:42:53] Update README with caching layer instructions
[2025-12-09 16:50:03] Optimize dashboard API query performance
[2025-12-10 14:11:50] Implement feature: notification service
[2025-12-10 15:09:54] Address code review feedback on data sync
[2025-12-10 16:13:33] Hotfix: resolve race condition in production
[2025-12-10 17:07:31] Daily commit: audit logging updates
[2025-12-11 09:14:55] Check overnight builds and CI status
[2025-12-11 13:11:57] Code review: api-cleanup
[2025-12-11 17:01:30] Daily commit: dark mode updates
[2025-12-12 09:47:03] Morning sync: align on priorities
[2025-12-12 11:46:18] Hotfix: resolve database deadlock in production
[2025-12-12 13:15:10] Code review: #1425
[2025-12-12 16:59:41] Review and approve PR: payment-fix
[2025-12-12 17:52:19] Checkpoint: rate limiting progress
[2025-12-15 10:49:28] Update security middleware documentation
[2025-12-15 12:54:40] Document new onboarding flow architecture decision
[2025-12-15 16:04:10] Address code review feedback on database deadlock
[2025-12-16 10:32:24] Implement feature: background jobs
[2025-12-16 12:42:36] Write technical spec for analytics dashboard
[2025-12-16 13:39:34] Code review: #1428
[2025-12-17 09:45:03] Check overnight builds and CI status
[2025-12-17 14:44:47] Debug and fix null pointer
[2025-12-17 15:30:50] Update webhook handlers documentation
[2025-12-18 10:51:36] Fix bug: race condition causing slow response times
[2025-12-18 11:45:44] Pair programming session on bulk export
[2025-12-18 15:28:22] Refactor webhook handlers for better performance
[2025-12-18 17:19:53] Daily commit: real-time updates updates
[2025-12-19 09:17:25] Start day: review PR queue and plan tasks
[2025-12-19 13:44:45] Leave feedback on api-cleanup
[2025-12-19 14:13:14] Add validation to metrics collection
[2025-12-19 16:30:50] Refactor audit trail for better performance
[2025-12-19 17:12:51] Wrap up: commit WIP on caching layer
[2025-12-22 09:01:57] Daily standup notes and sprint planning
[2025-12-22 10:04:34] Mentoring session: review new onboarding flow
[2025-12-22 12:35:24] Document new onboarding flow architecture decision
[2025-12-22 14:29:28] Refactor frontend components for better performance
[2025-12-22 17:03:28] Wrap up: commit WIP on audit logging
[2025-12-23 09:38:51] Daily standup notes and sprint planning
[2025-12-23 15:08:48] Fix bug: validation error causing data inconsistency
[2025-12-23 17:00:44] Daily commit: caching layer updates
[2025-12-24 09:15:56] Review emails and update task board
[2025-12-24 12:52:05] Mentoring session: review real-time updates
[2025-12-24 13:09:07] Update README with dark mode instructions
[2025-12-24 14:20:58] Mentoring session: review mobile optimization
[2025-12-24 16:51:34] Update payment gateway documentation
[2025-12-25 09:36:26] Daily standup notes and sprint planning
[2025-12-25 12:23:59] Estimate tasks for next sprint
[2025-12-25 13:59:48] Update sprint backlog
[2025-12-25 14:43:13] Fix bug: token refresh causing intermittent failures
[2025-12-25 17:38:32] End of day: save progress on real-time updates
[2025-12-26 09:00:09] Check overnight builds and CI status
[2025-12-26 13:24:23] Pair programming session on mobile optimization
[2025-12-26 14:36:51] Mentoring session: review audit logging
[2025-12-26 17:18:01] Checkpoint: accessibility improvements progress
[2025-12-29 14:52:23] Integrate frontend components with API
[2025-12-29 15:46:39] Fix regression in race condition
[2025-12-29 16:55:28] Hotfix: resolve race condition in production
[2025-12-29 17:17:50] Checkpoint: bulk export progress
[2025-12-30 09:17:20] Morning sync: align on priorities
[2025-12-30 10:45:52] Fix bug: race condition causing timeout issues
[2025-12-30 11:20:02] Address code review feedback on session handling
[2025-12-30 13:23:43] Update README with dark mode instructions
[2025-12-31 10:18:49] Refactor API endpoints for better performance
[2025-12-31 11:19:12] Refactor security middleware for better performance
[2025-12-31 12:01:54] Pair programming session on new onboarding flow
[2025-12-31 13:45:50] Document audit logging architecture decision
[2025-12-31 17:17:05] Daily commit: caching layer updates
[2026-01-01 12:37:54] Pair programming session on bulk export
[2026-01-01 13:43:12] Pair programming session on caching layer
[2026-01-01 16:29:03] Code review: dashboard-v2
[2026-01-02 11:03:19] Update notification service documentation
[2026-01-02 12:08:08] Leave feedback on dashboard-v2
[2026-01-02 13:39:41] Estimate tasks for next sprint
[2026-01-02 15:36:51] Optimize user authentication query performance
[2026-01-02 17:44:15] Daily commit: analytics dashboard updates
[2026-01-05 09:40:55] Start day: review PR queue and plan tasks
[2026-01-05 10:35:58] Optimize notification service query performance
[2026-01-05 11:21:38] Mentoring session: review analytics dashboard
[2026-01-05 13:02:54] Estimate tasks for next sprint
[2026-01-06 09:23:24] Start day: review PR queue and plan tasks
[2026-01-06 11:22:14] Mentoring session: review accessibility improvements
[2026-01-06 15:30:32] Integrate background jobs with API
[2026-01-06 17:39:58] Daily commit: SSO integration updates
[2026-01-07 09:23:12] Check overnight builds and CI status
[2026-01-07 10:21:22] Optimize webhook handlers query performance
[2026-01-07 11:37:19] Update payment gateway documentation
[2026-01-07 13:42:19] Mentoring session: review accessibility improvements
[2026-01-07 16:56:54] Fix regression in session handling
[2026-01-08 09:17:03] Start day: review PR queue and plan tasks
[2026-01-08 12:15:10] Update README with caching layer instructions
[2026-01-08 14:25:56] Update rate limiting documentation
[2026-01-08 15:23:05] Add validation to search functionality
[2026-01-09 09:58:07] Check overnight builds and CI status
[2026-01-09 10:16:58] Fix edge case in dashboard API
[2026-01-09 13:23:30] Update sprint backlog
[2026-01-09 16:10:50] Mentoring session: review bulk export
[2026-01-12 09:57:36] Start day: review PR queue and plan tasks
[2026-01-12 11:59:00] Leave feedback on #1428
[2026-01-12 13:18:41] Update README with accessibility improvements instructions
[2026-01-13 09:29:18] Morning sync: align on priorities
[2026-01-13 12:26:47] Pair programming session on analytics dashboard
[2026-01-13 17:44:47] Checkpoint: SSO integration progress
[2026-01-14 10:22:53] Mentoring session: review caching layer
[2026-01-14 12:39:27] Update sprint backlog
[2026-01-14 13:01:17] Update sprint backlog
[2026-01-14 14:00:06] Leave feedback on dashboard-v2
[2026-01-15 12:37:11] Document API v2 architecture decision
[2026-01-15 13:53:44] Write technical spec for audit logging
[2026-01-15 14:44:04] Mentoring session: review dark mode
[2026-01-16 10:44:11] Refactor metrics collection for better performance
[2026-01-16 11:48:59] Leave feedback on api-cleanup
[2026-01-16 13:47:52] Document new onboarding flow architecture decision
[2026-01-16 15:11:03] Address code review feedback on token refresh
[2026-01-16 16:01:21] Pair programming session on new onboarding flow
[2026-01-19 09:21:44] Check overnight builds and CI status
[2026-01-19 11:04:23] Debug and fix token refresh
[2026-01-19 14:02:40] Debug and fix indexing issue
[2026-01-19 16:09:11] Leave feedback on dashboard-v2
[2026-01-20 09:42:48] Review emails and update task board
[2026-01-20 10:07:47] Fix bug: indexing issue causing crashes
[2026-01-20 13:26:20] Mentoring session: review mobile optimization
[2026-01-20 15:26:14] Implement feature: background jobs
[2026-01-20 16:52:43] Fix bug: data sync causing timeout issues
[2026-01-21 10:12:31] Leave feedback on user-auth-refactor
[2026-01-21 11:14:02] Implement feature: data pipeline
[2026-01-21 17:37:33] End of day: save progress on API v2
[2026-01-22 09:44:39] Review emails and update task board
[2026-01-22 15:18:27] Integrate audit trail with API
[2026-01-22 16:51:43] Refactor webhook handlers for better performance
[2026-01-23 09:59:10] Daily standup notes and sprint planning
[2026-01-23 11:45:25] Update rate limiting documentation
[2026-01-23 12:27:24] Write technical spec for caching layer
[2026-01-23 14:44:19] Leave feedback on #1428
[2026-01-26 09:07:08] Morning sync: align on priorities
[2026-01-26 11:34:09] Integrate dashboard API with API
[2026-01-26 17:24:26] End of day: save progress on new onboarding flow
[2026-01-27 09:20:48] Check overnight builds and CI status
[2026-01-27 15:23:13] Leave feedback on dashboard-v2
[2026-01-27 17:23:24] Push EOD changes for rate limiting
[2026-01-28 09:48:32] Check overnight builds and CI status
[2026-01-28 11:24:56] Hotfix: resolve validation error in production
[2026-01-28 12:56:39] Leave feedback on #1428
[2026-01-28 14:16:28] Refactor error logging for better performance
[2026-01-28 17:59:26] Checkpoint: audit logging progress
[2026-02-02 10:49:05] Hotfix: resolve validation error in production
[2026-02-02 12:00:19] Pair programming session on API v2
[2026-02-02 16:26:50] Fix edge case in rate limiting
[2026-02-02 17:50:11] Push EOD changes for API v2
[2026-02-03 11:36:29] Address code review feedback on race condition
[2026-02-03 12:42:52] Pair programming session on caching layer
[2026-02-03 13:11:29] Code review: payment-fix
[2026-02-03 14:23:40] Pair programming session on rate limiting
[2026-02-03 16:02:10] Leave feedback on api-cleanup
[2026-02-04 10:47:28] Add tests for search functionality
[2026-02-04 11:39:50] Mentoring session: review caching layer
[2026-02-04 14:56:00] Hotfix: resolve indexing issue in production
[2026-02-04 16:06:34] Review and approve PR: #1425
[2026-02-04 17:16:27] Push EOD changes for audit logging
[2026-02-05 09:45:40] Review emails and update task board
[2026-02-05 10:27:30] Code review: dashboard-v2
[2026-02-05 12:44:08] Write technical spec for mobile optimization
[2026-02-05 13:40:25] Document SSO integration architecture decision
[2026-02-05 15:07:37] Hotfix: resolve database deadlock in production
[2026-02-06 09:20:52] Check overnight builds and CI status
[2026-02-06 10:21:26] Pair programming session on audit logging
[2026-02-06 13:13:37] Review and approve PR: #1428
[2026-02-06 15:50:38] Optimize audit trail query performance
[2026-02-06 17:06:56] Checkpoint: real-time updates progress
[2026-02-09 10:10:58] Add tests for notification service
[2026-02-09 14:46:22] Add validation to config management
[2026-02-09 17:27:55] End of day: save progress on analytics dashboard
[2026-02-10 10:20:37] Integrate rate limiting with API
[2026-02-10 14:13:54] Code review: payment-fix
[2026-02-10 15:09:33] Hotfix: resolve indexing issue in production
[2026-02-10 16:12:35] Optimize database migrations query performance
[2026-02-11 10:33:31] Code review: #1423
[2026-02-11 12:28:30] Estimate tasks for next sprint
[2026-02-11 15:53:32] Review and approve PR: #1430
[2026-02-12 09:33:02] Review emails and update task board
[2026-02-12 11:55:24] Code review: #1425
[2026-02-12 13:21:25] Estimate tasks for next sprint
[2026-02-12 14:38:38] Address code review feedback on memory leak
[2026-02-12 17:26:30] Daily commit: SSO integration updates
[2026-02-13 10:59:22] Hotfix: resolve null pointer in production
[2026-02-13 11:17:28] Integrate audit trail with API
[2026-02-13 12:14:55] Leave feedback on payment-fix
[2026-02-13 15:36:02] Leave feedback on dashboard-v2
[2026-02-13 16:25:35] Debug and fix database deadlock
